Loading configuration from server list:
  Server IP: 172.16.53.128 (local)
  Client IPs: 172.16.53.128 172.16.54.140 172.16.54.141
  Local machine as iPerf3 server
Running benchmark tests for all servers...
======================================


================================================================================
Testing server 1/3: 172.16.53.128
================================================================================
=== CPU Performance Test ===
Auto-detected CPU cores: 4
Starting CPU test...
  Threads: 4, Duration: 1s, Max Prime: 20000

CPU test summary:
  CPU speed:
    events per second: 1166.19
  Avg Latency: 3.40ms
  P95 Latency: 3.82ms
  Threads fairness:
        events (avg/stddev):           293.2500/7.12
        execution time (avg/stddev):   0.9964/0.01
✓ CPU test completed
=== Memory Performance Test ===
Starting memory test...
  Threads: 4, Duration: 1s, Block size: 8K

Memory test summary:
  Total operations: 2621440 (7622533.06 per second)
  Transferred: 20480.00 MiB (59551.04 MiB/sec)
  Avg Latency: 0.00ms
  P95 Latency: 0.00ms
✓ Memory test completed
=== IO Performance Test ===
Starting fileio test...
  File size: 1G, Test mode: rndrw
  Test directory: /home/vastbase/vb_benchmark/io_test

IO test results:
  Read IOPS: 20945.02
  Write IOPS: 13963.35
  Total IOPS: 34908.37
  Read BW: 327.27MB/s
  Write BW: 218.18MB/s
  Total BW: 545.45MB/s
  Avg Latency: 0.03ms
✓ IO test completed
=== Threads Performance Test ===
Starting threads test...
  Threads: 1000, Duration: 1s, yields: 100, locks: 4

Threads test summary:
  Events/sec: 2265.14
  Avg Latency: 386.71ms
  P95 Latency: 1050.76ms
✓ Threads test completed
=== Mutex Performance Test ===
Starting mutex test...
  Threads: 4, Duration: 1s, mutex num: 1024

Mutex test summary:
  Transactions: 4
  TPS: 13.90
  Avg Latency: 253.38ms
  P95 Latency: 282.25ms
✓ Mutex test completed

================================================================================
Testing server 2/3: 172.16.54.140
================================================================================
  Executing remote tests on 172.16.54.140...

Authorized users only. All activities may be monitored and reported.
=== CPU Performance Test ===
Auto-detected CPU cores: 6

CPU test summary:
  CPU speed:
    events per second: 4851.86
  Avg Latency: 1.22ms
  P95 Latency: 1.03ms
  Threads fairness:
        events (avg/stddev):           814.3333/173.21
        execution time (avg/stddev):   0.9957/0.00
=== Memory Performance Test ===

Memory test summary:
  Total operations: 2621436 (7409151.38 per second)
  Transferred: 20479.97 MiB (57884.00 MiB/sec)
  Avg Latency: 0.00ms
  P95 Latency: 0.00ms
=== IO Performance Test ===

IO test results:
  Read IOPS: 14100.68
  Write IOPS: 9400.45
  Total IOPS: 23501.13
  Read BW: 220.32MB/s
  Write BW: 146.88MB/s
  Total BW: 367.20MB/s
  Avg Latency: 0.04ms
=== Threads Performance Test ===

Threads test summary:
  Events/sec: 8413.30
  Avg Latency: 112.29ms
  P95 Latency: 458.96ms

Mutex test summary:
  Transactions: 6
  TPS: 13.74
  Avg Latency: 417.55ms
  P95 Latency: 434.83ms

================================================================================
Testing server 3/3: 172.16.54.141
================================================================================
  Executing remote tests on 172.16.54.141...

Authorized users only. All activities may be monitored and reported.
=== CPU Performance Test ===
Auto-detected CPU cores: 4

CPU test summary:
  CPU speed:
    events per second: 5287.25
  Avg Latency: 0.75ms
  P95 Latency: 0.77ms
  Threads fairness:
        events (avg/stddev):           1323.7500/6.18
        execution time (avg/stddev):   0.9984/0.00
=== Memory Performance Test ===

Memory test summary:
  Total operations: 2621440 (6072410.64 per second)
  Transferred: 20480.00 MiB (47440.71 MiB/sec)
  Avg Latency: 0.00ms
  P95 Latency: 0.00ms
=== IO Performance Test ===

IO test results:
  Read IOPS: 11238.29
  Write IOPS: 7492.20
  Total IOPS: 18730.49
  Read BW: 175.60MB/s
  Write BW: 117.07MB/s
  Total BW: 292.67MB/s
  Avg Latency: 0.05ms
=== Threads Performance Test ===

Threads test summary:
  Events/sec: 9372.59
  Avg Latency: 102.55ms
  P95 Latency: 320.17ms

Mutex test summary:
  Transactions: 4
  TPS: 9.62
  Avg Latency: 402.82ms
  P95 Latency: 419.45ms
=== Network Performance Test ===
Starting iperf3 test...
  Server: 172.16.53.128:25201
  Client(s): 172.16.53.128 172.16.54.140 172.16.54.141
  Duration: 1s, Parallel connections: 1
  Total test scenarios: 3
  Starting iperf3 server on port 25201...

  [Test 1/3] Testing from client: 172.16.53.128
  ⚠ Skipping loopback test (client and server are the same IP)
  Loopback tests do not represent real network performance

  [Test 2/3] Testing from client: 172.16.54.140

Authorized users only. All activities may be monitored and reported.
  Running test: 172.16.54.140 -> 172.16.53.128

Network test results:
  Dynamic Average Bandwidth: 107.01 MB/s

Per-second throughput for 172.16.53.128 (from 172.16.54.140):
  [  5]   0.00-1.00   sec   113 MBytes   948 Mbits/sec    8   2.81 MBytes       
  ✓ Client 172.16.54.140 test completed

  [Test 3/3] Testing from client: 172.16.54.141

Authorized users only. All activities may be monitored and reported.
  Running test: 172.16.54.141 -> 172.16.53.128

Network test results:
  Dynamic Average Bandwidth: 107.31 MB/s

Per-second throughput for 172.16.53.128 (from 172.16.54.141):
  [  5]   0.00-1.00   sec   120 MBytes  1.01 Gbits/sec  532   2.66 MBytes       
  ✓ Client 172.16.54.141 test completed

✓ Network test completed for all clients

- 172.16.54.140 -> 172.16.53.128 = 107.01 MB/s
- 172.16.54.141 -> 172.16.53.128 = 107.31 MB/s
  Stopping iperf3 server...
  172.16.54.140 -> 172.16.53.128: 107.01 MB/s
  172.16.54.141 -> 172.16.53.128: 107.31 MB/s

=== Benchmark completed successfully! ===
Report: ./output/report_benchmark_20260423_221315.txt
Detailed results: ./output/original_data_20260423_221315_all_results.log
