Loading configuration from server list:
  Server IP: 172.16.53.128 (local)
  Client IPs: 172.16.53.128 172.16.54.140 172.16.54.141
  Local machine as iPerf3 server
Running benchmark tests for all servers...
======================================


================================================================================
Testing server 1/3: 172.16.53.128
================================================================================
=== CPU Performance Test ===
Auto-detected CPU cores: 4
Starting CPU test...
  Threads: 4, Duration: 5s, Max Prime: 20000

CPU test summary:
  CPU speed:
    events per second: 1003.28
  Avg Latency: 3.98ms
  P95 Latency: 9.06ms
  Threads fairness:
        events (avg/stddev):           1255.5000/35.72
        execution time (avg/stddev):   4.9964/0.00
✓ CPU test completed
=== Memory Performance Test ===
Starting memory test...
  Threads: 4, Duration: 5s, Block size: 8K

Memory test summary:
  Total operations: 2621440 (9558298.67 per second)
  Transferred: 20480.00 MiB (74674.21 MiB/sec)
  Avg Latency: 0.00ms
  P95 Latency: 0.00ms
✓ Memory test completed
=== IO Performance Test ===
Starting fileio test...
  File size: 1G, Test mode: rndrw
  Test directory: /home/vastbase/vb_benchmark/io_test

IO test results:
  Read IOPS: 10497.48
  Write IOPS: 6998.32
  Total IOPS: 17495.80
  Read BW: 164.02MB/s
  Write BW: 109.35MB/s
  Total BW: 273.37MB/s
  Avg Latency: 0.06ms
✓ IO test completed
=== Threads Performance Test ===
Starting threads test...
  Threads: 1000, Duration: 5s, yields: 100, locks: 4

Threads test summary:
  Events/sec: 2600.66
  Avg Latency: 374.03ms
  P95 Latency: 1089.30ms
✓ Threads test completed
=== Mutex Performance Test ===
Starting mutex test...
  Threads: 4, Duration: 5s, mutex num: 1024

Mutex test summary:
  Transactions: 4
  TPS: 6.53
  Avg Latency: 593.59ms
  P95 Latency: 612.21ms
✓ Mutex test completed

================================================================================
Testing server 2/3: 172.16.54.140
================================================================================
  Executing remote tests on 172.16.54.140...

Authorized users only. All activities may be monitored and reported.
=== CPU Performance Test ===
Auto-detected CPU cores: 6

CPU test summary:
  CPU speed:
    events per second: 5760.14
  Avg Latency: 1.04ms
  P95 Latency: 0.77ms
  Threads fairness:
        events (avg/stddev):           4804.0000/299.07
        execution time (avg/stddev):   4.9950/0.00
=== Memory Performance Test ===

Memory test summary:
  Total operations: 2621436 (8074641.76 per second)
  Transferred: 20479.97 MiB (63083.14 MiB/sec)
  Avg Latency: 0.00ms
  P95 Latency: 0.00ms
=== IO Performance Test ===

IO test results:
  Read IOPS: 12806.89
  Write IOPS: 8537.93
  Total IOPS: 21344.82
  Read BW: 200.11MB/s
  Write BW: 133.41MB/s
  Total BW: 333.52MB/s
  Avg Latency: 0.05ms
=== Threads Performance Test ===

Threads test summary:
  Events/sec: 9014.50
  Avg Latency: 109.41ms
  P95 Latency: 694.45ms

Mutex test summary:
  Transactions: 6
  TPS: 9.00
  Avg Latency: 619.96ms
  P95 Latency: 669.89ms

================================================================================
Testing server 3/3: 172.16.54.141
================================================================================
  Executing remote tests on 172.16.54.141...

Authorized users only. All activities may be monitored and reported.
=== CPU Performance Test ===
Auto-detected CPU cores: 4

CPU test summary:
  CPU speed:
    events per second: 5296.39
  Avg Latency: 0.75ms
  P95 Latency: 0.77ms
  Threads fairness:
        events (avg/stddev):           6622.7500/30.04
        execution time (avg/stddev):   4.9957/0.00
=== Memory Performance Test ===

Memory test summary:
  Total operations: 2621440 (8399964.75 per second)
  Transferred: 20480.00 MiB (65624.72 MiB/sec)
  Avg Latency: 0.00ms
  P95 Latency: 0.00ms
=== IO Performance Test ===

IO test results:
  Read IOPS: 15695.82
  Write IOPS: 10463.88
  Total IOPS: 26159.70
  Read BW: 245.25MB/s
  Write BW: 163.50MB/s
  Total BW: 408.75MB/s
  Avg Latency: 0.04ms
=== Threads Performance Test ===

Threads test summary:
  Events/sec: 10387.81
  Avg Latency: 95.44ms
  P95 Latency: 337.94ms

Mutex test summary:
  Transactions: 4
  TPS: 9.94
  Avg Latency: 397.27ms
  P95 Latency: 397.39ms
=== Network Performance Test ===
Starting iperf3 test...
  Server: 172.16.53.128:25201
  Client(s): 172.16.53.128 172.16.54.140 172.16.54.141
  Duration: 5s, Parallel connections: 1
  Total test scenarios: 3
  Starting iperf3 server on port 25201...

  [Test 1/3] Testing from client: 172.16.53.128
  ⚠ Skipping loopback test (client and server are the same IP)
  Loopback tests do not represent real network performance

  [Test 2/3] Testing from client: 172.16.54.140

Authorized users only. All activities may be monitored and reported.
  Running test: 172.16.54.140 -> 172.16.53.128

Network test results:
  Dynamic Average Bandwidth: 112.84 MB/s

Per-second throughput for 172.16.53.128 (from 172.16.54.140):
  [  5]   0.00-1.00   sec   115 MBytes   968 Mbits/sec  128   2.27 MBytes       
  [  5]   1.00-2.00   sec   109 MBytes   913 Mbits/sec    2   2.30 MBytes       
  [  5]   2.00-3.00   sec   109 MBytes   909 Mbits/sec    0   2.34 MBytes       
  [  5]   3.00-4.00   sec   104 MBytes   874 Mbits/sec    3   2.37 MBytes       
  [  5]   4.00-5.00   sec   109 MBytes   912 Mbits/sec    0   2.40 MBytes       
  ✓ Client 172.16.54.140 test completed

  [Test 3/3] Testing from client: 172.16.54.141

Authorized users only. All activities may be monitored and reported.
  Running test: 172.16.54.141 -> 172.16.53.128

Network test results:
  Dynamic Average Bandwidth: 112.65 MB/s

Per-second throughput for 172.16.53.128 (from 172.16.54.141):
  [  5]   0.00-1.00   sec   116 MBytes   975 Mbits/sec   96   2.82 MBytes       
  [  5]   1.00-2.00   sec   105 MBytes   881 Mbits/sec   52   1.49 MBytes       
  [  5]   2.00-3.00   sec   106 MBytes   891 Mbits/sec    1   1.56 MBytes       
  [  5]   3.00-4.00   sec   110 MBytes   923 Mbits/sec    1   1.61 MBytes       
  [  5]   4.00-5.00   sec   108 MBytes   902 Mbits/sec    1   1.66 MBytes       
  ✓ Client 172.16.54.141 test completed

✓ Network test completed for all clients

- 172.16.54.140 -> 172.16.53.128 = 112.84 MB/s
- 172.16.54.141 -> 172.16.53.128 = 112.65 MB/s
  Stopping iperf3 server...

=== Benchmark completed successfully! ===
Report: ./output/report_benchmark_20260423_201342.txt
Detailed results: ./output/data_20260423_201342_all_results.log
Original data (for traceability): ./output/original_data_20260423_201342_all_results.log
