Loading configuration from server list:
  Server IP: 172.16.53.128 (local)
  Client IPs: 172.16.53.128 172.16.54.140 172.16.54.141
  Local machine as iPerf3 server
Running benchmark tests for all servers...
======================================


================================================================================
Testing server 1/3: 172.16.53.128
================================================================================
=== CPU Performance Test ===
Auto-detected CPU cores: 4
Starting CPU test...
  Threads: 4, Duration: 1s, Max Prime: 20000

CPU test summary:
  CPU speed:
    events per second: 1014.12
  Avg Latency: 3.93ms
  P95 Latency: 6.91ms
  Threads fairness:
        events (avg/stddev):           254.7500/26.90
        execution time (avg/stddev):   1.0007/0.00
✓ CPU test completed
=== Memory Performance Test ===
Starting memory test...
  Threads: 4, Duration: 1s, Block size: 8K

Memory test summary:
  Total operations: 2621440 (6065223.69 per second)
  Transferred: 20480.00 MiB (47384.56 MiB/sec)
  Avg Latency: 0.00ms
  P95 Latency: 0.00ms
✓ Memory test completed
=== IO Performance Test ===
Starting fileio test...
  File size: 1G, Test mode: rndrw
  Test directory: /home/vastbase/vb_benchmark/io_test

IO test results:
  Read IOPS: 19927.63
  Write IOPS: 13285.09
  Total IOPS: 33212.72
  Read BW: 311.37MB/s
  Write BW: 207.58MB/s
  Total BW: 518.95MB/s
  Avg Latency: 0.03ms
✓ IO test completed
=== Threads Performance Test ===
Starting threads test...
  Threads: 1000, Duration: 1s, yields: 100, locks: 4

Threads test summary:
  Events/sec: 2686.29
  Avg Latency: 341.21ms
  P95 Latency: 995.51ms
✓ Threads test completed
=== Mutex Performance Test ===
Starting mutex test...
  Threads: 4, Duration: 1s, mutex num: 1024

Mutex test summary:
  Transactions: 4
  TPS: 14.81
  Avg Latency: 247.03ms
  P95 Latency: 267.41ms
✓ Mutex test completed

================================================================================
Testing server 2/3: 172.16.54.140
================================================================================
  Executing remote tests on 172.16.54.140...

Authorized users only. All activities may be monitored and reported.
=== CPU Performance Test ===
Auto-detected CPU cores: 6

CPU test summary:
  CPU speed:
    events per second: 5044.59
  Avg Latency: 1.17ms
  P95 Latency: 0.83ms
  Threads fairness:
        events (avg/stddev):           845.3333/184.76
        execution time (avg/stddev):   0.9879/0.01
=== Memory Performance Test ===

Memory test summary:
  Total operations: 2621436 (5417859.21 per second)
  Transferred: 20479.97 MiB (42327.03 MiB/sec)
  Avg Latency: 0.00ms
  P95 Latency: 0.00ms
=== IO Performance Test ===

IO test results:
  Read IOPS: 14245.01
  Write IOPS: 9496.68
  Total IOPS: 23741.69
  Read BW: 222.58MB/s
  Write BW: 148.39MB/s
  Total BW: 370.97MB/s
  Avg Latency: 0.04ms
=== Threads Performance Test ===

Threads test summary:
  Events/sec: 7143.99
  Avg Latency: 126.36ms
  P95 Latency: 549.52ms

Mutex test summary:
  Transactions: 6
  TPS: 7.94
  Avg Latency: 667.33ms
  P95 Latency: 733.00ms

================================================================================
Testing server 3/3: 172.16.54.141
================================================================================
  Executing remote tests on 172.16.54.141...

Authorized users only. All activities may be monitored and reported.
=== CPU Performance Test ===
Auto-detected CPU cores: 4

CPU test summary:
  CPU speed:
    events per second: 5280.72
  Avg Latency: 0.76ms
  P95 Latency: 0.77ms
  Threads fairness:
        events (avg/stddev):           1322.5000/5.22
        execution time (avg/stddev):   0.9997/0.00
=== Memory Performance Test ===

Memory test summary:
  Total operations: 2621440 (5893146.13 per second)
  Transferred: 20480.00 MiB (46040.20 MiB/sec)
  Avg Latency: 0.00ms
  P95 Latency: 0.00ms
=== IO Performance Test ===

IO test results:
  Read IOPS: 15624.45
  Write IOPS: 10416.30
  Total IOPS: 26040.75
  Read BW: 244.13MB/s
  Write BW: 162.75MB/s
  Total BW: 406.88MB/s
  Avg Latency: 0.04ms
=== Threads Performance Test ===

Threads test summary:
  Events/sec: 9599.93
  Avg Latency: 99.80ms
  P95 Latency: 297.92ms

Mutex test summary:
  Transactions: 4
  TPS: 9.58
  Avg Latency: 400.75ms
  P95 Latency: 404.61ms
=== Network Performance Test ===
Starting iperf3 test...
  Server: 172.16.53.128:25201
  Client(s): 172.16.53.128 172.16.54.140 172.16.54.141
  Duration: 1s, Parallel connections: 1
  Total test scenarios: 3
  Starting iperf3 server on port 25201...

  [Test 1/3] Testing from client: 172.16.53.128
  ⚠ Skipping loopback test (client and server are the same IP)
  Loopback tests do not represent real network performance

  [Test 2/3] Testing from client: 172.16.54.140

Authorized users only. All activities may be monitored and reported.
  Running test: 172.16.54.140 -> 172.16.53.128

Network test results:
  Dynamic Average Bandwidth: 108.97 MB/s

Per-second throughput for 172.16.53.128 (from 172.16.54.140):
  [  5]   0.00-1.00   sec   118 MBytes   987 Mbits/sec  498   2.53 MBytes       
  ✓ Client 172.16.54.140 test completed

  [Test 3/3] Testing from client: 172.16.54.141

Authorized users only. All activities may be monitored and reported.
  Running test: 172.16.54.141 -> 172.16.53.128

Network test results:
  Dynamic Average Bandwidth: 108.26 MB/s

Per-second throughput for 172.16.53.128 (from 172.16.54.141):
  [  5]   0.00-1.00   sec   119 MBytes  1000 Mbits/sec  157   2.87 MBytes       
  ✓ Client 172.16.54.141 test completed

✓ Network test completed for all clients

- 172.16.54.140 -> 172.16.53.128 = 108.97 MB/s
- 172.16.54.141 -> 172.16.53.128 = 108.26 MB/s
  Stopping iperf3 server...
  172.16.54.140 -> 172.16.53.128: 108.97 MB/s
  172.16.54.141 -> 172.16.53.128: 108.26 MB/s

=== Benchmark completed successfully! ===
Report: ./output/report_benchmark_20260423_212255.txt
Detailed results: ./output/original_data_20260423_212255_all_results.log
