
================================================================================
CPU TEST RESULTS (Server: 172.16.53.128) (ORIGINAL OUTPUT)
================================================================================
sysbench 1.0.20-9578e16 (using bundled LuaJIT 2.1.0-beta2)

Running the test with following options:
Number of threads: 4
Initializing random number generator from current time


Prime numbers limit: 20000

Initializing worker threads...

Threads started!

CPU speed:
    events per second:  1014.12

General statistics:
    total time:                          1.0024s
    total number of events:              1019

Latency (ms):
         min:                                    3.05
         avg:                                    3.93
         max:                                   18.14
         95th percentile:                        6.91
         sum:                                 4002.73

Threads fairness:
    events (avg/stddev):           254.7500/26.90
    execution time (avg/stddev):   1.0007/0.00



================================================================================
MEMORY TEST RESULTS (Server: 172.16.53.128) (ORIGINAL OUTPUT)
================================================================================
sysbench 1.0.20-9578e16 (using bundled LuaJIT 2.1.0-beta2)

Running the test with following options:
Number of threads: 4
Initializing random number generator from current time


Running memory speed test with the following options:
  block size: 8KiB
  total size: 20480MiB
  operation: read
  scope: global

Initializing worker threads...

Threads started!

Total operations: 2621440 (6065223.69 per second)

20480.00 MiB transferred (47384.56 MiB/sec)


General statistics:
    total time:                          0.4298s
    total number of events:              2621440

Latency (ms):
         min:                                    0.00
         avg:                                    0.00
         max:                                   13.28
         95th percentile:                        0.00
         sum:                                 1018.71

Threads fairness:
    events (avg/stddev):           655360.0000/0.00
    execution time (avg/stddev):   0.2547/0.03



================================================================================
SYSBENCH FILEIO TEST RESULTS (Server: 172.16.53.128) (ORIGINAL OUTPUT)
================================================================================
sysbench 1.0.20-9578e16 (using bundled LuaJIT 2.1.0-beta2)

Running the test with following options:
Number of threads: 1
Initializing random number generator from current time


Extra file open flags: (none)
1 files, 1GiB each
1GiB total file size
Block size 16KiB
Number of IO requests: 0
Read/Write ratio for combined random IO test: 1.50
Periodic FSYNC enabled, calling fsync() each 100 requests.
Calling fsync() at the end of test, Enabled.
Using synchronous I/O mode
Doing random r/w test
Initializing worker threads...

Threads started!


File operations:
    reads/s:                      19927.63
    writes/s:                     13285.09
    fsyncs/s:                     333.12

Throughput:
    read, MiB/s:                  311.37
    written, MiB/s:               207.58

General statistics:
    total time:                          1.0002s
    total number of events:              33633

Latency (ms):
         min:                                    0.00
         avg:                                    0.03
         max:                                   62.16
         95th percentile:                        0.01
         sum:                                  987.23

Threads fairness:
    events (avg/stddev):           33633.0000/0.00
    execution time (avg/stddev):   0.9872/0.00



================================================================================
THREADS TEST RESULTS (Server: 172.16.53.128) (ORIGINAL OUTPUT)
================================================================================
sysbench 1.0.20-9578e16 (using bundled LuaJIT 2.1.0-beta2)

Running the test with following options:
Number of threads: 1000
Initializing random number generator from current time


Initializing worker threads...

Threads started!


General statistics:
    total time:                          1.2266s
    total number of events:              3295

Latency (ms):
         min:                                    0.14
         avg:                                  341.21
         max:                                 1221.53
         95th percentile:                      995.51
         sum:                              1124274.18

Threads fairness:
    events (avg/stddev):           3.2950/1.83
    execution time (avg/stddev):   1.1243/0.06



================================================================================
MUTEX TEST RESULTS (Server: 172.16.53.128) (ORIGINAL OUTPUT)
================================================================================
sysbench 1.0.20-9578e16 (using bundled LuaJIT 2.1.0-beta2)

Running the test with following options:
Number of threads: 4
Initializing random number generator from current time


Initializing worker threads...

Threads started!


General statistics:
    total time:                          0.2700s
    total number of events:              4

Latency (ms):
         min:                                  221.62
         avg:                                  247.03
         max:                                  269.72
         95th percentile:                      267.41
         sum:                                  988.13

Threads fairness:
    events (avg/stddev):           1.0000/0.00
    execution time (avg/stddev):   0.2470/0.02



================================================================================
RESULTS FROM SERVER: 172.16.54.140
================================================================================

================================================================================
CPU TEST RESULTS (Server: 172.16.54.140) (ORIGINAL OUTPUT)
================================================================================
sysbench 1.0.20 (using bundled LuaJIT 2.1.0-beta2)

Running the test with following options:
Number of threads: 6
Initializing random number generator from current time


Prime numbers limit: 20000

Initializing worker threads...

Threads started!

CPU speed:
    events per second:  5044.59

General statistics:
    total time:                          1.0042s
    total number of events:              5072

Latency (ms):
         min:                                    0.74
         avg:                                    1.17
         max:                                   52.79
         95th percentile:                        0.83
         sum:                                 5927.18

Threads fairness:
    events (avg/stddev):           845.3333/184.76
    execution time (avg/stddev):   0.9879/0.01



================================================================================
MEMORY TEST RESULTS (Server: 172.16.54.140) (ORIGINAL OUTPUT)
================================================================================
sysbench 1.0.20 (using bundled LuaJIT 2.1.0-beta2)

Running the test with following options:
Number of threads: 6
Initializing random number generator from current time


Running memory speed test with the following options:
  block size: 8KiB
  total size: 20480MiB
  operation: read
  scope: global

Initializing worker threads...

Threads started!

Total operations: 2621436 (5417859.21 per second)

20479.97 MiB transferred (42327.03 MiB/sec)


General statistics:
    total time:                          0.4827s
    total number of events:              2621436

Latency (ms):
         min:                                    0.00
         avg:                                    0.00
         max:                                   28.04
         95th percentile:                        0.00
         sum:                                 1238.05

Threads fairness:
    events (avg/stddev):           436906.0000/0.00
    execution time (avg/stddev):   0.2063/0.03



================================================================================
SYSBENCH FILEIO TEST RESULTS (Server: 172.16.54.140) (ORIGINAL OUTPUT)
================================================================================
sysbench 1.0.20 (using bundled LuaJIT 2.1.0-beta2)

Running the test with following options:
Number of threads: 1
Initializing random number generator from current time


Extra file open flags: (none)
1 files, 1GiB each
1GiB total file size
Block size 16KiB
Number of IO requests: 0
Read/Write ratio for combined random IO test: 1.50
Periodic FSYNC enabled, calling fsync() each 100 requests.
Calling fsync() at the end of test, Enabled.
Using synchronous I/O mode
Doing random r/w test
Initializing worker threads...

Threads started!


File operations:
    reads/s:                      14245.01
    writes/s:                     9496.68
    fsyncs/s:                     238.41

Throughput:
    read, MiB/s:                  222.58
    written, MiB/s:               148.39

General statistics:
    total time:                          1.0012s
    total number of events:              24038

Latency (ms):
         min:                                    0.00
         avg:                                    0.04
         max:                                   30.55
         95th percentile:                        0.01
         sum:                                  990.02

Threads fairness:
    events (avg/stddev):           24038.0000/0.00
    execution time (avg/stddev):   0.9900/0.00



================================================================================
THREADS TEST RESULTS (Server: 172.16.54.140) (ORIGINAL OUTPUT)
================================================================================
sysbench 1.0.20 (using bundled LuaJIT 2.1.0-beta2)

Running the test with following options:
Number of threads: 1000
Initializing random number generator from current time


Initializing worker threads...

Threads started!


General statistics:
    total time:                          1.2591s
    total number of events:              8995

Latency (ms):
         min:                                    0.04
         avg:                                  126.36
         max:                                 1246.43
         95th percentile:                      549.52
         sum:                              1136567.29

Threads fairness:
    events (avg/stddev):           8.9950/11.34
    execution time (avg/stddev):   1.1366/0.07



================================================================================
MUTEX TEST RESULTS (Server: 172.16.54.140) (ORIGINAL OUTPUT)
================================================================================
sysbench 1.0.20 (using bundled LuaJIT 2.1.0-beta2)

Running the test with following options:
Number of threads: 6
Initializing random number generator from current time


Initializing worker threads...

Threads started!


General statistics:
    total time:                          0.7559s
    total number of events:              6

Latency (ms):
         min:                                  575.53
         avg:                                  667.33
         max:                                  734.72
         95th percentile:                      733.00
         sum:                                 4003.96

Threads fairness:
    events (avg/stddev):           1.0000/0.00
    execution time (avg/stddev):   0.6673/0.07



================================================================================
RESULTS FROM SERVER: 172.16.54.141
================================================================================

================================================================================
CPU TEST RESULTS (Server: 172.16.54.141) (ORIGINAL OUTPUT)
================================================================================
sysbench 1.0.20 (using bundled LuaJIT 2.1.0-beta2)

Running the test with following options:
Number of threads: 4
Initializing random number generator from current time


Prime numbers limit: 20000

Initializing worker threads...

Threads started!

CPU speed:
    events per second:  5280.72

General statistics:
    total time:                          1.0008s
    total number of events:              5290

Latency (ms):
         min:                                    0.74
         avg:                                    0.76
         max:                                   13.42
         95th percentile:                        0.77
         sum:                                 3998.70

Threads fairness:
    events (avg/stddev):           1322.5000/5.22
    execution time (avg/stddev):   0.9997/0.00



================================================================================
MEMORY TEST RESULTS (Server: 172.16.54.141) (ORIGINAL OUTPUT)
================================================================================
sysbench 1.0.20 (using bundled LuaJIT 2.1.0-beta2)

Running the test with following options:
Number of threads: 4
Initializing random number generator from current time


Running memory speed test with the following options:
  block size: 8KiB
  total size: 20480MiB
  operation: read
  scope: global

Initializing worker threads...

Threads started!

Total operations: 2621440 (5893146.13 per second)

20480.00 MiB transferred (46040.20 MiB/sec)


General statistics:
    total time:                          0.4438s
    total number of events:              2621440

Latency (ms):
         min:                                    0.00
         avg:                                    0.00
         max:                                    2.32
         95th percentile:                        0.00
         sum:                                  715.69

Threads fairness:
    events (avg/stddev):           655360.0000/0.00
    execution time (avg/stddev):   0.1789/0.00



================================================================================
SYSBENCH FILEIO TEST RESULTS (Server: 172.16.54.141) (ORIGINAL OUTPUT)
================================================================================
sysbench 1.0.20 (using bundled LuaJIT 2.1.0-beta2)

Running the test with following options:
Number of threads: 1
Initializing random number generator from current time


Extra file open flags: (none)
1 files, 1GiB each
1GiB total file size
Block size 16KiB
Number of IO requests: 0
Read/Write ratio for combined random IO test: 1.50
Periodic FSYNC enabled, calling fsync() each 100 requests.
Calling fsync() at the end of test, Enabled.
Using synchronous I/O mode
Doing random r/w test
Initializing worker threads...

Threads started!


File operations:
    reads/s:                      15624.45
    writes/s:                     10416.30
    fsyncs/s:                     261.41

Throughput:
    read, MiB/s:                  244.13
    written, MiB/s:               162.75

General statistics:
    total time:                          1.0013s
    total number of events:              26361

Latency (ms):
         min:                                    0.00
         avg:                                    0.04
         max:                                   13.43
         95th percentile:                        0.01
         sum:                                  989.17

Threads fairness:
    events (avg/stddev):           26361.0000/0.00
    execution time (avg/stddev):   0.9892/0.00



================================================================================
THREADS TEST RESULTS (Server: 172.16.54.141) (ORIGINAL OUTPUT)
================================================================================
sysbench 1.0.20 (using bundled LuaJIT 2.1.0-beta2)

Running the test with following options:
Number of threads: 1000
Initializing random number generator from current time


Initializing worker threads...

Threads started!


General statistics:
    total time:                          1.0923s
    total number of events:              10486

Latency (ms):
         min:                                    0.04
         avg:                                   99.80
         max:                                  701.63
         95th percentile:                      297.92
         sum:                              1046462.39

Threads fairness:
    events (avg/stddev):           10.4860/5.43
    execution time (avg/stddev):   1.0465/0.02



================================================================================
MUTEX TEST RESULTS (Server: 172.16.54.141) (ORIGINAL OUTPUT)
================================================================================
sysbench 1.0.20 (using bundled LuaJIT 2.1.0-beta2)

Running the test with following options:
Number of threads: 4
Initializing random number generator from current time


Initializing worker threads...

Threads started!


General statistics:
    total time:                          0.4177s
    total number of events:              4

Latency (ms):
         min:                                  394.90
         avg:                                  400.75
         max:                                  406.93
         95th percentile:                      404.61
         sum:                                 1603.01

Threads fairness:
    events (avg/stddev):           1.0000/0.00
    execution time (avg/stddev):   0.4008/0.00



================================================================================
NETWORK TEST RESULTS (172.16.53.128 from 172.16.54.140) (Server: 172.16.53.128) (ORIGINAL OUTPUT)
================================================================================

Authorized users only. All activities may be monitored and reported.
Connecting to host 172.16.53.128, port 25201
[  5] local 172.16.54.140 port 44682 connected to 172.16.53.128 port 25201
[ ID] Interval           Transfer     Bitrate         Retr  Cwnd
[  5]   0.00-1.00   sec   118 MBytes   987 Mbits/sec  498   2.53 MBytes       
- - - - - - - - - - - - - - - - - - - - - - - - -
[ ID] Interval           Transfer     Bitrate         Retr
[  5]   0.00-1.00   sec   118 MBytes   987 Mbits/sec  498             sender
[  5]   0.00-1.05   sec   109 MBytes   870 Mbits/sec                  receiver
iperf Done.


================================================================================
NETWORK TEST RESULTS (172.16.53.128 from 172.16.54.141) (Server: 172.16.53.128) (ORIGINAL OUTPUT)
================================================================================

Authorized users only. All activities may be monitored and reported.
Connecting to host 172.16.53.128, port 25201
[  5] local 172.16.54.141 port 44040 connected to 172.16.53.128 port 25201
[ ID] Interval           Transfer     Bitrate         Retr  Cwnd
[  5]   0.00-1.00   sec   119 MBytes  1000 Mbits/sec  157   2.87 MBytes       
- - - - - - - - - - - - - - - - - - - - - - - - -
[ ID] Interval           Transfer     Bitrate         Retr
[  5]   0.00-1.00   sec   119 MBytes  1000 Mbits/sec  157             sender
[  5]   0.00-1.08   sec   109 MBytes   846 Mbits/sec                  receiver
iperf Done.

