
================================================================================
CPU TEST RESULTS (Server: 172.16.53.128) (ORIGINAL OUTPUT)
================================================================================
sysbench 1.0.20-9578e16 (using bundled LuaJIT 2.1.0-beta2)

Running the test with following options:
Number of threads: 4
Initializing random number generator from current time


Prime numbers limit: 20000

Initializing worker threads...

Threads started!

CPU speed:
    events per second:  1003.28

General statistics:
    total time:                          5.0036s
    total number of events:              5022

Latency (ms):
         min:                                    3.04
         avg:                                    3.98
         max:                                   35.24
         95th percentile:                        9.06
         sum:                                19985.56

Threads fairness:
    events (avg/stddev):           1255.5000/35.72
    execution time (avg/stddev):   4.9964/0.00



================================================================================
MEMORY TEST RESULTS (Server: 172.16.53.128) (ORIGINAL OUTPUT)
================================================================================
sysbench 1.0.20-9578e16 (using bundled LuaJIT 2.1.0-beta2)

Running the test with following options:
Number of threads: 4
Initializing random number generator from current time


Running memory speed test with the following options:
  block size: 8KiB
  total size: 20480MiB
  operation: read
  scope: global

Initializing worker threads...

Threads started!

Total operations: 2621440 (9558298.67 per second)

20480.00 MiB transferred (74674.21 MiB/sec)


General statistics:
    total time:                          0.2719s
    total number of events:              2621440

Latency (ms):
         min:                                    0.00
         avg:                                    0.00
         max:                                    0.62
         95th percentile:                        0.00
         sum:                                  662.52

Threads fairness:
    events (avg/stddev):           655360.0000/0.00
    execution time (avg/stddev):   0.1656/0.00



================================================================================
SYSBENCH FILEIO TEST RESULTS (Server: 172.16.53.128) (ORIGINAL OUTPUT)
================================================================================
sysbench 1.0.20-9578e16 (using bundled LuaJIT 2.1.0-beta2)

Running the test with following options:
Number of threads: 1
Initializing random number generator from current time


Extra file open flags: (none)
1 files, 1GiB each
1GiB total file size
Block size 16KiB
Number of IO requests: 0
Read/Write ratio for combined random IO test: 1.50
Periodic FSYNC enabled, calling fsync() each 100 requests.
Calling fsync() at the end of test, Enabled.
Using synchronous I/O mode
Doing random r/w test
Initializing worker threads...

Threads started!


File operations:
    reads/s:                      10497.48
    writes/s:                     6998.32
    fsyncs/s:                     175.16

Throughput:
    read, MiB/s:                  164.02
    written, MiB/s:               109.35

General statistics:
    total time:                          5.0045s
    total number of events:              88476

Latency (ms):
         min:                                    0.00
         avg:                                    0.06
         max:                                   63.47
         95th percentile:                        0.04
         sum:                                 4966.56

Threads fairness:
    events (avg/stddev):           88476.0000/0.00
    execution time (avg/stddev):   4.9666/0.00



================================================================================
THREADS TEST RESULTS (Server: 172.16.53.128) (ORIGINAL OUTPUT)
================================================================================
sysbench 1.0.20-9578e16 (using bundled LuaJIT 2.1.0-beta2)

Running the test with following options:
Number of threads: 1000
Initializing random number generator from current time


Initializing worker threads...

Threads started!


General statistics:
    total time:                          5.2852s
    total number of events:              13745

Latency (ms):
         min:                                    0.14
         avg:                                  374.03
         max:                                 2848.79
         95th percentile:                     1089.30
         sum:                              5141068.29

Threads fairness:
    events (avg/stddev):           13.7450/4.12
    execution time (avg/stddev):   5.1411/0.08



================================================================================
MUTEX TEST RESULTS (Server: 172.16.53.128) (ORIGINAL OUTPUT)
================================================================================
sysbench 1.0.20-9578e16 (using bundled LuaJIT 2.1.0-beta2)

Running the test with following options:
Number of threads: 4
Initializing random number generator from current time


Initializing worker threads...

Threads started!


General statistics:
    total time:                          0.6125s
    total number of events:              4

Latency (ms):
         min:                                  553.17
         avg:                                  593.59
         max:                                  612.39
         95th percentile:                      612.21
         sum:                                 2374.36

Threads fairness:
    events (avg/stddev):           1.0000/0.00
    execution time (avg/stddev):   0.5936/0.02



================================================================================
RESULTS FROM SERVER: 172.16.54.140
================================================================================

================================================================================
CPU TEST RESULTS (Server: 172.16.54.140) (ORIGINAL OUTPUT)
================================================================================
sysbench 1.0.20 (using bundled LuaJIT 2.1.0-beta2)

Running the test with following options:
Number of threads: 6
Initializing random number generator from current time


Prime numbers limit: 20000

Initializing worker threads...

Threads started!

CPU speed:
    events per second:  5760.14

General statistics:
    total time:                          5.0027s
    total number of events:              28824

Latency (ms):
         min:                                    0.74
         avg:                                    1.04
         max:                                   52.41
         95th percentile:                        0.77
         sum:                                29969.96

Threads fairness:
    events (avg/stddev):           4804.0000/299.07
    execution time (avg/stddev):   4.9950/0.00



================================================================================
MEMORY TEST RESULTS (Server: 172.16.54.140) (ORIGINAL OUTPUT)
================================================================================
sysbench 1.0.20 (using bundled LuaJIT 2.1.0-beta2)

Running the test with following options:
Number of threads: 6
Initializing random number generator from current time


Running memory speed test with the following options:
  block size: 8KiB
  total size: 20480MiB
  operation: read
  scope: global

Initializing worker threads...

Threads started!

Total operations: 2621436 (8074641.76 per second)

20479.97 MiB transferred (63083.14 MiB/sec)


General statistics:
    total time:                          0.3234s
    total number of events:              2621436

Latency (ms):
         min:                                    0.00
         avg:                                    0.00
         max:                                   40.03
         95th percentile:                        0.00
         sum:                                  972.58

Threads fairness:
    events (avg/stddev):           436906.0000/0.00
    execution time (avg/stddev):   0.1621/0.04



================================================================================
SYSBENCH FILEIO TEST RESULTS (Server: 172.16.54.140) (ORIGINAL OUTPUT)
================================================================================
sysbench 1.0.20 (using bundled LuaJIT 2.1.0-beta2)

Running the test with following options:
Number of threads: 1
Initializing random number generator from current time


Extra file open flags: (none)
1 files, 1GiB each
1GiB total file size
Block size 16KiB
Number of IO requests: 0
Read/Write ratio for combined random IO test: 1.50
Periodic FSYNC enabled, calling fsync() each 100 requests.
Calling fsync() at the end of test, Enabled.
Using synchronous I/O mode
Doing random r/w test
Initializing worker threads...

Threads started!


File operations:
    reads/s:                      12806.89
    writes/s:                     8537.93
    fsyncs/s:                     213.65

Throughput:
    read, MiB/s:                  200.11
    written, MiB/s:               133.41

General statistics:
    total time:                          5.0022s
    total number of events:              107868

Latency (ms):
         min:                                    0.00
         avg:                                    0.05
         max:                                   42.52
         95th percentile:                        0.01
         sum:                                 4947.54

Threads fairness:
    events (avg/stddev):           107868.0000/0.00
    execution time (avg/stddev):   4.9475/0.00



================================================================================
THREADS TEST RESULTS (Server: 172.16.54.140) (ORIGINAL OUTPUT)
================================================================================
sysbench 1.0.20 (using bundled LuaJIT 2.1.0-beta2)

Running the test with following options:
Number of threads: 1000
Initializing random number generator from current time


Initializing worker threads...

Threads started!


General statistics:
    total time:                          5.1791s
    total number of events:              46687

Latency (ms):
         min:                                    0.04
         avg:                                  109.41
         max:                                 4602.95
         95th percentile:                      694.45
         sum:                              5108065.38

Threads fairness:
    events (avg/stddev):           46.6870/40.53
    execution time (avg/stddev):   5.1081/0.05



================================================================================
MUTEX TEST RESULTS (Server: 172.16.54.140) (ORIGINAL OUTPUT)
================================================================================
sysbench 1.0.20 (using bundled LuaJIT 2.1.0-beta2)

Running the test with following options:
Number of threads: 6
Initializing random number generator from current time


Initializing worker threads...

Threads started!


General statistics:
    total time:                          0.6669s
    total number of events:              6

Latency (ms):
         min:                                  551.20
         avg:                                  619.96
         max:                                  666.84
         95th percentile:                      669.89
         sum:                                 3719.78

Threads fairness:
    events (avg/stddev):           1.0000/0.00
    execution time (avg/stddev):   0.6200/0.04



================================================================================
RESULTS FROM SERVER: 172.16.54.141
================================================================================

================================================================================
CPU TEST RESULTS (Server: 172.16.54.141) (ORIGINAL OUTPUT)
================================================================================
sysbench 1.0.20 (using bundled LuaJIT 2.1.0-beta2)

Running the test with following options:
Number of threads: 4
Initializing random number generator from current time


Prime numbers limit: 20000

Initializing worker threads...

Threads started!

CPU speed:
    events per second:  5296.39

General statistics:
    total time:                          5.0007s
    total number of events:              26491

Latency (ms):
         min:                                    0.74
         avg:                                    0.75
         max:                                   20.53
         95th percentile:                        0.77
         sum:                                19982.82

Threads fairness:
    events (avg/stddev):           6622.7500/30.04
    execution time (avg/stddev):   4.9957/0.00



================================================================================
MEMORY TEST RESULTS (Server: 172.16.54.141) (ORIGINAL OUTPUT)
================================================================================
sysbench 1.0.20 (using bundled LuaJIT 2.1.0-beta2)

Running the test with following options:
Number of threads: 4
Initializing random number generator from current time


Running memory speed test with the following options:
  block size: 8KiB
  total size: 20480MiB
  operation: read
  scope: global

Initializing worker threads...

Threads started!

Total operations: 2621440 (8399964.75 per second)

20480.00 MiB transferred (65624.72 MiB/sec)


General statistics:
    total time:                          0.3111s
    total number of events:              2621440

Latency (ms):
         min:                                    0.00
         avg:                                    0.00
         max:                                    0.18
         95th percentile:                        0.00
         sum:                                  708.19

Threads fairness:
    events (avg/stddev):           655360.0000/0.00
    execution time (avg/stddev):   0.1770/0.00



================================================================================
SYSBENCH FILEIO TEST RESULTS (Server: 172.16.54.141) (ORIGINAL OUTPUT)
================================================================================
sysbench 1.0.20 (using bundled LuaJIT 2.1.0-beta2)

Running the test with following options:
Number of threads: 1
Initializing random number generator from current time


Extra file open flags: (none)
1 files, 1GiB each
1GiB total file size
Block size 16KiB
Number of IO requests: 0
Read/Write ratio for combined random IO test: 1.50
Periodic FSYNC enabled, calling fsync() each 100 requests.
Calling fsync() at the end of test, Enabled.
Using synchronous I/O mode
Doing random r/w test
Initializing worker threads...

Threads started!


File operations:
    reads/s:                      15695.82
    writes/s:                     10463.88
    fsyncs/s:                     261.80

Throughput:
    read, MiB/s:                  245.25
    written, MiB/s:               163.50

General statistics:
    total time:                          5.0029s
    total number of events:              132209

Latency (ms):
         min:                                    0.00
         avg:                                    0.04
         max:                                   92.29
         95th percentile:                        0.01
         sum:                                 4950.48

Threads fairness:
    events (avg/stddev):           132209.0000/0.00
    execution time (avg/stddev):   4.9505/0.00



================================================================================
THREADS TEST RESULTS (Server: 172.16.54.141) (ORIGINAL OUTPUT)
================================================================================
sysbench 1.0.20 (using bundled LuaJIT 2.1.0-beta2)

Running the test with following options:
Number of threads: 1000
Initializing random number generator from current time


Initializing worker threads...

Threads started!


General statistics:
    total time:                          5.0875s
    total number of events:              52848

Latency (ms):
         min:                                    0.04
         avg:                                   95.44
         max:                                  935.94
         95th percentile:                      337.94
         sum:                              5043730.53

Threads fairness:
    events (avg/stddev):           52.8480/18.76
    execution time (avg/stddev):   5.0437/0.02



================================================================================
MUTEX TEST RESULTS (Server: 172.16.54.141) (ORIGINAL OUTPUT)
================================================================================
sysbench 1.0.20 (using bundled LuaJIT 2.1.0-beta2)

Running the test with following options:
Number of threads: 4
Initializing random number generator from current time


Initializing worker threads...

Threads started!


General statistics:
    total time:                          0.4026s
    total number of events:              4

Latency (ms):
         min:                                  395.09
         avg:                                  397.27
         max:                                  399.92
         95th percentile:                      397.39
         sum:                                 1589.07

Threads fairness:
    events (avg/stddev):           1.0000/0.00
    execution time (avg/stddev):   0.3973/0.00



================================================================================
NETWORK TEST RESULTS (172.16.53.128 from 172.16.54.140) (Server: 172.16.53.128) (ORIGINAL OUTPUT)
================================================================================

Authorized users only. All activities may be monitored and reported.
Connecting to host 172.16.53.128, port 25201
[  5] local 172.16.54.140 port 43294 connected to 172.16.53.128 port 25201
[ ID] Interval           Transfer     Bitrate         Retr  Cwnd
[  5]   0.00-1.00   sec   115 MBytes   968 Mbits/sec  128   2.27 MBytes       
[  5]   1.00-2.00   sec   109 MBytes   913 Mbits/sec    2   2.30 MBytes       
[  5]   2.00-3.00   sec   109 MBytes   909 Mbits/sec    0   2.34 MBytes       
[  5]   3.00-4.00   sec   104 MBytes   874 Mbits/sec    3   2.37 MBytes       
[  5]   4.00-5.00   sec   109 MBytes   912 Mbits/sec    0   2.40 MBytes       
- - - - - - - - - - - - - - - - - - - - - - - - -
[ ID] Interval           Transfer     Bitrate         Retr
[  5]   0.00-5.00   sec   545 MBytes   915 Mbits/sec  133             sender
[  5]   0.00-5.05   sec   536 MBytes   891 Mbits/sec                  receiver
iperf Done.


================================================================================
NETWORK TEST RESULTS (172.16.53.128 from 172.16.54.141) (Server: 172.16.53.128) (ORIGINAL OUTPUT)
================================================================================

Authorized users only. All activities may be monitored and reported.
Connecting to host 172.16.53.128, port 25201
[  5] local 172.16.54.141 port 43944 connected to 172.16.53.128 port 25201
[ ID] Interval           Transfer     Bitrate         Retr  Cwnd
[  5]   0.00-1.00   sec   116 MBytes   975 Mbits/sec   96   2.82 MBytes       
[  5]   1.00-2.00   sec   105 MBytes   881 Mbits/sec   52   1.49 MBytes       
[  5]   2.00-3.00   sec   106 MBytes   891 Mbits/sec    1   1.56 MBytes       
[  5]   3.00-4.00   sec   110 MBytes   923 Mbits/sec    1   1.61 MBytes       
[  5]   4.00-5.00   sec   108 MBytes   902 Mbits/sec    1   1.66 MBytes       
- - - - - - - - - - - - - - - - - - - - - - - - -
[ ID] Interval           Transfer     Bitrate         Retr
[  5]   0.00-5.00   sec   545 MBytes   914 Mbits/sec  151             sender
[  5]   0.00-5.05   sec   535 MBytes   889 Mbits/sec                  receiver
iperf Done.

